2023-07-03 13:55:56 +0000 [MT] Initial pipeline context: <IDEDistributionProcessingPipelineContext: 0x144fe4860; archive(resolved)="<IDEArchive: 0x600000d8cd20>", distributionTask(resolved)="2", distributionDestination(resolved)="1", distributionMethod(resolved)="<IDEDistributionMethodDevelopmentSigned: 0x600002b43390>", team(resolved)="<IDEProvisioningBasicTeam: 0x6000028a1960; teamID='HCFAA55RSK', teamName='(null)'>">
	Chain (13, self inclusive):
	<IDEDistributionProcessingPipelineContext: 0x144fe4860; archive = "<IDEArchive: 0x600000d8cd20>", distributionMethod="<IDEDistributionMethodDevelopmentSigned: 0x600002b43390>", team="<IDEProvisioningBasicTeam: 0x6000028a1960; teamID='HCFAA55RSK', teamName='(null)'>">
	<IDEDistributionProcessingPipelineContext: 0x144ff22c0; archive = "<IDEArchive: 0x600000d8cd20>", distributionMethod="<IDEDistributionMethodDevelopmentSigned: 0x600002b43390>", team="<IDEProvisioningBasicTeam: 0x6000028a1960; teamID='HCFAA55RSK', teamName='(null)'>">
	<IDEDistributionContext: 0x144feabe0; archive = "<IDEArchive: 0x600000d8cd20>", distributionMethod="<IDEDistributionMethodDevelopmentSigned: 0x600002b43390>", team="<IDEProvisioningBasicTeam: 0x6000028a1960; teamID='HCFAA55RSK', teamName='(null)'>">
	<IDEDistributionContext: 0x146107d40; archive = "<IDEArchive: 0x600000d8cd20>", distributionMethod="<IDEDistributionMethodDevelopmentSigned: 0x600002b43390>", team="<IDEProvisioningBasicTeam: 0x6000028a1960; teamID='HCFAA55RSK', teamName='(null)'>">
	<IDEDistributionContext: 0x1461078f0; archive = "<IDEArchive: 0x600000d8cd20>", distributionMethod="<IDEDistributionMethodDevelopmentSigned: 0x600002b43390>", team="<IDEProvisioningBasicTeam: 0x6000028a1960; teamID='HCFAA55RSK', teamName='(null)'>">
	<IDEDistributionContext: 0x146105430; archive = "<IDEArchive: 0x600000d8cd20>", distributionMethod="<IDEDistributionMethodDevelopmentSigned: 0x600002b43390>", team="<IDEProvisioningBasicTeam: 0x6000028a1960; teamID='HCFAA55RSK', teamName='(null)'>">
	<IDEDistributionContext: 0x1461069a0; archive = "<IDEArchive: 0x600000d8cd20>", distributionMethod="<IDEDistributionMethodDevelopmentSigned: 0x600002b43390>", team="<IDEProvisioningBasicTeam: 0x6000028a1960; teamID='HCFAA55RSK', teamName='(null)'>">
	<IDEDistributionContext: 0x146106770; archive = "<IDEArchive: 0x600000d8cd20>", distributionMethod="<IDEDistributionMethodDevelopmentSigned: 0x600002b43390>", team="<IDEProvisioningBasicTeam: 0x6000028a1960; teamID='HCFAA55RSK', teamName='(null)'>">
	<IDEDistributionContext: 0x146009520; archive = "<IDEArchive: 0x600000d8cd20>", distributionMethod="<IDEDistributionMethodDevelopmentSigned: 0x600002b43390>", team="<IDEProvisioningBasicTeam: 0x6000028a1960; teamID='HCFAA55RSK', teamName='(null)'>">
	<IDEDistributionContext: 0x146008240; archive = "<IDEArchive: 0x600000d8cd20>", distributionMethod="<IDEDistributionMethodDevelopmentSigned: 0x600002b43390>", team="(null)">
	<IDEDistributionContext: 0x146008870; archive = "<IDEArchive: 0x600000d8cd20>", distributionMethod="<IDEDistributionMethodDevelopmentSigned: 0x600002b43390>", team="(null)">
	<IDEDistributionContext: 0x144fc1050; archive = "<IDEArchive: 0x600000d8cd20>", distributionMethod="<IDEDistributionMethodDevelopmentSigned: 0x600002b43390>", team="(null)">
	<IDEDistributionContext: 0x144f5fe30; archive = "<IDEArchive: 0x600000d8cd20>", distributionMethod="(null)", team="(null)">
</IDEDistributionProcessingPipelineContext: 0x144fe4860>
2023-07-03 13:55:56 +0000 [MT] Processing step: IDEDistributionCreateDestRootStep
2023-07-03 13:55:56 +0000 [MT] Processing step: IDEDistributionCopyItemStep
2023-07-03 13:55:56 +0000 [MT] Running /usr/bin/ditto '-V' '/Users/jiji/Projects/my-rivian/build/myrivian.xcarchive/Products/Applications/MyRivian.app' '/var/folders/lp/wn0_kz1n01g3pqlf_srdq1th0000gq/T/XcodeDistPipeline.~~~YuNcu5/Root/Payload/MyRivian.app'
2023-07-03 13:55:56 +0000  >>> Copying /Users/jiji/Projects/my-rivian/build/myrivian.xcarchive/Products/Applications/MyRivian.app 
2023-07-03 13:55:56 +0000  copying file ./_CodeSignature/CodeResources ... 
2023-07-03 13:55:56 +0000  2111 bytes for ./_CodeSignature/CodeResources
2023-07-03 13:55:56 +0000  copying file ./MyRivian ... 
2023-07-03 13:55:56 +0000  3044096 bytes for ./MyRivian
2023-07-03 13:55:56 +0000  copying file ./embedded.mobileprovision ... 
2023-07-03 13:55:56 +0000  14670 bytes for ./embedded.mobileprovision
copying file ./Info.plist ... 
2023-07-03 13:55:56 +0000  1323 bytes for ./Info.plist
2023-07-03 13:55:56 +0000  copying file ./PkgInfo ... 
2023-07-03 13:55:56 +0000  8 bytes for ./PkgInfo
2023-07-03 13:55:56 +0000 [MT] /usr/bin/ditto exited with 0
2023-07-03 13:55:56 +0000 [MT] Processing step: IDEDistributionEmbedProfileStep
2023-07-03 13:55:56 +0000 [MT] Processing step: IDEDistributionInfoPlistStep
2023-07-03 13:55:56 +0000 [MT] Skipping step: IDEDistributionInfoPlistStep because it said so
2023-07-03 13:55:56 +0000 [MT] Processing step: IDEDistributionAppThinningPlistStep
2023-07-03 13:55:56 +0000 [MT] Skipping step: IDEDistributionAppThinningPlistStep because it said so
2023-07-03 13:55:56 +0000 [MT] Processing step: IDEDistributionCompileBitcodeStep
2023-07-03 13:55:56 +0000 [MT] Skipping step: IDEDistributionCompileBitcodeStep because it said so
2023-07-03 13:55:56 +0000 [MT] Processing step: IDEDistributionCodeSlimmingStep
2023-07-03 13:55:56 +0000 [MT] Processing step: IDEDistributionCopyBCSymbolMapsStep
2023-07-03 13:55:56 +0000 [MT] Skipping step: IDEDistributionCopyBCSymbolMapsStep because it said so
2023-07-03 13:55:56 +0000 [MT] Processing step: IDEDistributionSymbolsStep
2023-07-03 13:55:56 +0000 [MT] Skipping step: IDEDistributionSymbolsStep because it said so
2023-07-03 13:55:56 +0000 [MT] Processing step: IDEDistributionAppThinningStep
2023-07-03 13:55:56 +0000 [MT] Skipping step: IDEDistributionAppThinningStep because it said so
2023-07-03 13:55:56 +0000 [MT] Processing step: IDEDistributionArchThinningStep
2023-07-03 13:55:56 +0000 [MT] Running /Applications/Xcode-beta.app/Contents/Developer/Toolchains/XcodeDefault.xctoolchain/usr/bin/lipo '/var/folders/lp/wn0_kz1n01g3pqlf_srdq1th0000gq/T/XcodeDistPipeline.~~~YuNcu5/Root/Payload/MyRivian.app/MyRivian' '-verify_arch' 'arm64e'
2023-07-03 13:55:56 +0000 [MT] /Applications/Xcode-beta.app/Contents/Developer/Toolchains/XcodeDefault.xctoolchain/usr/bin/lipo exited with 1
2023-07-03 13:55:56 +0000 [MT] Skipping architecture thinning for item "MyRivian" because arch "arm64e" wasn't found
2023-07-03 13:55:56 +0000 [MT] Processing step: IDEDistributionODRStep
2023-07-03 13:55:56 +0000 [MT] Processing step: IDEDistributionStripXattrsStep
2023-07-03 13:55:56 +0000 [MT] Running /usr/bin/xattr '-crs' '/var/folders/lp/wn0_kz1n01g3pqlf_srdq1th0000gq/T/XcodeDistPipeline.~~~YuNcu5/Root/Payload/MyRivian.app'
2023-07-03 13:55:56 +0000 [MT] /usr/bin/xattr exited with 0
2023-07-03 13:55:56 +0000 [MT] Processing step: IDEDistributionCodesignStep
2023-07-03 13:55:56 +0000 [MT] Entitlements for <IDEDistributionItem: 0x600000d29140; bundleID='com.obdgeek.MyRivian', path='<DVTFilePath:0x60000029c690:'/Users/jiji/Projects/my-rivian/build/myrivian.xcarchive/Products/Applications/MyRivian.app'>', codeSigningInfo='<_DVTCodeSigningInformation_Path: 0x600000a374d0; isSigned='1', isAdHocSigned='0', signingCertificate='<DVTSigningCertificate: 0x600001c60900; name='Apple Development: Richard Naro (YTATGML6AX)', hash='25C6029CA3871B5C769494F25E33CB93CB7CF81E', serialNumber='21B4917BAE2046FBFE35474B08EB19AF', certificateKinds='(
    "1.2.840.113635.100.6.1.12",
    "1.2.840.113635.100.6.1.2"
), issueDate='2023-06-23 02:30:10 +0000''>', entitlements='{
    "application-identifier" = "HCFAA55RSK.com.obdgeek.MyRivian";
    "com.apple.developer.team-identifier" = HCFAA55RSK;
    "get-task-allow" = 1;
}', teamID='HCFAA55RSK', identifier='com.obdgeek.MyRivian', executablePath='<DVTFilePath:0x600000229110:'/Users/jiji/Projects/my-rivian/build/myrivian.xcarchive/Products/Applications/MyRivian.app/MyRivian'>', hardenedRuntime='1'>'>: {
    "application-identifier" = "HCFAA55RSK.com.obdgeek.MyRivian";
    "com.apple.developer.team-identifier" = HCFAA55RSK;
    "get-task-allow" = 1;
}
2023-07-03 13:55:56 +0000 [MT] Entitlements for <IDEDistributionItem: 0x600000d29140; bundleID='com.obdgeek.MyRivian', path='<DVTFilePath:0x60000029c690:'/Users/jiji/Projects/my-rivian/build/myrivian.xcarchive/Products/Applications/MyRivian.app'>', codeSigningInfo='<_DVTCodeSigningInformation_Path: 0x600000a374d0; isSigned='1', isAdHocSigned='0', signingCertificate='<DVTSigningCertificate: 0x600001c60780; name='Apple Development: Richard Naro (YTATGML6AX)', hash='25C6029CA3871B5C769494F25E33CB93CB7CF81E', serialNumber='21B4917BAE2046FBFE35474B08EB19AF', certificateKinds='(
    "1.2.840.113635.100.6.1.12",
    "1.2.840.113635.100.6.1.2"
), issueDate='2023-06-23 02:30:10 +0000''>', entitlements='{
    "application-identifier" = "HCFAA55RSK.com.obdgeek.MyRivian";
    "com.apple.developer.team-identifier" = HCFAA55RSK;
    "get-task-allow" = 1;
}', teamID='HCFAA55RSK', identifier='com.obdgeek.MyRivian', executablePath='<DVTFilePath:0x600000229110:'/Users/jiji/Projects/my-rivian/build/myrivian.xcarchive/Products/Applications/MyRivian.app/MyRivian'>', hardenedRuntime='1'>'> are: {
    "application-identifier" = "HCFAA55RSK.com.obdgeek.MyRivian";
    "com.apple.developer.team-identifier" = HCFAA55RSK;
    "get-task-allow" = 1;
}
2023-07-03 13:55:56 +0000 [MT] Writing entitlements for <IDEDistributionItem: 0x600000d29140; bundleID='com.obdgeek.MyRivian', path='<DVTFilePath:0x60000029c690:'/Users/jiji/Projects/my-rivian/build/myrivian.xcarchive/Products/Applications/MyRivian.app'>', codeSigningInfo='<_DVTCodeSigningInformation_Path: 0x600000a374d0; isSigned='1', isAdHocSigned='0', signingCertificate='<DVTSigningCertificate: 0x600001c60a80; name='Apple Development: Richard Naro (YTATGML6AX)', hash='25C6029CA3871B5C769494F25E33CB93CB7CF81E', serialNumber='21B4917BAE2046FBFE35474B08EB19AF', certificateKinds='(
    "1.2.840.113635.100.6.1.12",
    "1.2.840.113635.100.6.1.2"
), issueDate='2023-06-23 02:30:10 +0000''>', entitlements='{
    "application-identifier" = "HCFAA55RSK.com.obdgeek.MyRivian";
    "com.apple.developer.team-identifier" = HCFAA55RSK;
    "get-task-allow" = 1;
}', teamID='HCFAA55RSK', identifier='com.obdgeek.MyRivian', executablePath='<DVTFilePath:0x600000229110:'/Users/jiji/Projects/my-rivian/build/myrivian.xcarchive/Products/Applications/MyRivian.app/MyRivian'>', hardenedRuntime='1'>'> to: /var/folders/lp/wn0_kz1n01g3pqlf_srdq1th0000gq/T/XcodeDistPipeline.~~~YuNcu5/entitlements~~~Ojg9UN
2023-07-03 13:55:56 +0000 [MT] Running /usr/bin/codesign '-vvv' '--force' '--sign' '25C6029CA3871B5C769494F25E33CB93CB7CF81E' '--entitlements' '/var/folders/lp/wn0_kz1n01g3pqlf_srdq1th0000gq/T/XcodeDistPipeline.~~~YuNcu5/entitlements~~~Ojg9UN' '--generate-entitlement-der' '--preserve-metadata=identifier,flags,runtime' '/var/folders/lp/wn0_kz1n01g3pqlf_srdq1th0000gq/T/XcodeDistPipeline.~~~YuNcu5/Root/Payload/MyRivian.app'
2023-07-03 13:55:56 +0000  /var/folders/lp/wn0_kz1n01g3pqlf_srdq1th0000gq/T/XcodeDistPipeline.~~~YuNcu5/Root/Payload/MyRivian.app: replacing existing signature
2023-07-03 13:55:56 +0000  /var/folders/lp/wn0_kz1n01g3pqlf_srdq1th0000gq/T/XcodeDistPipeline.~~~YuNcu5/Root/Payload/MyRivian.app: signed app bundle with Mach-O thin (arm64) [com.obdgeek.MyRivian]
2023-07-03 13:55:56 +0000 [MT] /usr/bin/codesign exited with 0
2023-07-03 13:55:56 +0000 [MT] Processing step: IDEDistributionZipODRItemStep
2023-07-03 13:55:56 +0000 [MT] Skipping step: IDEDistributionZipODRItemStep because it said so
2023-07-03 13:55:56 +0000 [MT] Processing step: IDEDistributionCreateIPAStep
2023-07-03 13:55:56 +0000 [MT] Running /usr/bin/ditto '-V' '-c' '-k' '--norsrc' '/var/folders/lp/wn0_kz1n01g3pqlf_srdq1th0000gq/T/XcodeDistPipeline.~~~YuNcu5/Root' '/var/folders/lp/wn0_kz1n01g3pqlf_srdq1th0000gq/T/XcodeDistPipeline.~~~YuNcu5/Packages/MyRivian.ipa'
2023-07-03 13:55:56 +0000  >>> Copying /var/folders/lp/wn0_kz1n01g3pqlf_srdq1th0000gq/T/XcodeDistPipeline.~~~YuNcu5/Root 
2023-07-03 13:55:56 +0000  copying file ./Payload/MyRivian.app/_CodeSignature/CodeResources ... 
2023-07-03 13:55:56 +0000  2111 bytes for ./Payload/MyRivian.app/_CodeSignature/CodeResources
2023-07-03 13:55:56 +0000  copying file ./Payload/MyRivian.app/MyRivian ... 
2023-07-03 13:55:56 +0000  3044096 bytes for ./Payload/MyRivian.app/MyRivian
2023-07-03 13:55:56 +0000  copying file ./Payload/MyRivian.app/embedded.mobileprovision ... 
14670 bytes for ./Payload/MyRivian.app/embedded.mobileprovision
copying file ./Payload/MyRivian.app/Info.plist ... 
1323 bytes for ./Payload/MyRivian.app/Info.plist
copying file ./Payload/MyRivian.app/PkgInfo ... 
8 bytes for ./Payload/MyRivian.app/PkgInfo
2023-07-03 13:55:56 +0000 [MT] /usr/bin/ditto exited with 0
2023-07-03 13:55:56 +0000 [MT] Processing step: IDEDistributionAppStoreInformationStep
2023-07-03 13:55:56 +0000 [MT] Skipping step: IDEDistributionAppStoreInformationStep because it said so
2023-07-03 13:55:56 +0000 [MT] Processing step: IDEDistributionGenerateProcessedDistributionItems
2023-07-03 13:55:56 +0000 [MT] IDEDistributionItem init <DVTFilePath:0x60000029c310:'/var/folders/lp/wn0_kz1n01g3pqlf_srdq1th0000gq/T/XcodeDistPipeline.~~~YuNcu5/Root/Payload/MyRivian.app'>
2023-07-03 13:55:56 +0000 [MT] Processing step: IDEDistributionCreateManifestStep
